This is pdfTeX, Version 3.14159265-2.6-1.40.16 (MiKTeX 2.9 64-bit) (preloaded format=pdflatex 2016.2.15)  8 APR 2016 13:53
entering extended mode
**"./Rapport soutenance 1.tex"
("Rapport soutenance 1.tex"
LaTeX2e <2015/10/01> patch level 2
Babel <3.9n> and hyphenation patterns for 69 languages loaded.

("C:\Users\epita-student\AppData\Local\Programs\MiKTeX 2.9\tex\latex\base\artic
le.cls"
Document Class: article 2014/09/29 v1.4h Standard LaTeX document class

("C:\Users\epita-student\AppData\Local\Programs\MiKTeX 2.9\tex\latex\base\size1
2.clo"
File: size12.clo 2014/09/29 v1.4h Standard LaTeX file (size option)
)
\c@part=\count79
\c@section=\count80
\c@subsection=\count81
\c@subsubsection=\count82
\c@paragraph=\count83
\c@subparagraph=\count84
\c@figure=\count85
\c@table=\count86
\abovecaptionskip=\skip41
\belowcaptionskip=\skip42
\bibindent=\dimen102
)
("C:\Users\epita-student\AppData\Local\Programs\MiKTeX 2.9\tex\latex\fancyhdr\f
ancyhdr.sty"
\fancy@headwidth=\skip43
\f@ncyO@elh=\skip44
\f@ncyO@erh=\skip45
\f@ncyO@olh=\skip46
\f@ncyO@orh=\skip47
\f@ncyO@elf=\skip48
\f@ncyO@erf=\skip49
\f@ncyO@olf=\skip50
\f@ncyO@orf=\skip51
)
("C:\Users\epita-student\AppData\Local\Programs\MiKTeX 2.9\tex\generic\babel\ba
bel.sty"
Package: babel 2016/01/08 3.9n The Babel package

*************************************
* Local config file bblopts.cfg used
*

("C:\Users\epita-student\AppData\Local\Programs\MiKTeX 2.9\tex\latex\00miktex\b
blopts.cfg"
File: bblopts.cfg 2006/07/31 v1.0 MiKTeX 'babel' configuration
)
("C:\Users\epita-student\AppData\Local\Programs\MiKTeX 2.9\tex\latex\babel-fren
ch\frenchb.ldf"
Language: frenchb 2016/01/01 v3.1k French support from the babel system

("C:\Users\epita-student\AppData\Local\Programs\MiKTeX 2.9\tex\generic\babel\ba
bel.def"
File: babel.def 2016/01/08 3.9n Babel common definitions
\babel@savecnt=\count87
\U@D=\dimen103
)
\l@acadian = a dialect from \language\l@french 
\l@canadien = a dialect from \language\l@french 
\FBcolonskip=\skip52
\FBthinskip=\skip53
\FB@interchartokenstateORI=\count88
Package babel Info: Making : an active character on input line 372.
Package babel Info: Making ; an active character on input line 373.
Package babel Info: Making ! an active character on input line 374.
Package babel Info: Making ? an active character on input line 375.
\FBguillskip=\skip54
\FBguill@level=\count89
\FB@everypar=\toks14
\FB@Mht=\dimen104
\std@mcc=\count90
\dec@mcc=\count91
\listindentFB=\skip55
\labelwidthFB=\skip56
\leftmarginFB=\skip57
\parindentFFN=\dimen105
))
("C:\Users\epita-student\AppData\Local\Programs\MiKTeX 2.9\tex\latex\carlisle\s
calefnt.sty")
("C:\Users\epita-student\AppData\Local\Programs\MiKTeX 2.9\tex\latex\graphics\k
eyval.sty"
Package: keyval 2014/10/28 v1.15 key=value parser (DPC)
\KV@toks@=\toks15
)
("C:\Users\epita-student\AppData\Local\Programs\MiKTeX 2.9\tex\latex\listings\l
istings.sty"
\lst@mode=\count92
\lst@gtempboxa=\box26
\lst@token=\toks16
\lst@length=\count93
\lst@currlwidth=\dimen106
\lst@column=\count94
\lst@pos=\count95
\lst@lostspace=\dimen107
\lst@width=\dimen108
\lst@newlines=\count96
\lst@lineno=\count97
\lst@maxwidth=\dimen109

("C:\Users\epita-student\AppData\Local\Programs\MiKTeX 2.9\tex\latex\listings\l
stmisc.sty"
File: lstmisc.sty 2015/06/04 1.6 (Carsten Heinz)
\c@lstnumber=\count98
\lst@skipnumbers=\count99
\lst@framebox=\box27
)
("C:\Users\epita-student\AppData\Local\Programs\MiKTeX 2.9\tex\latex\listings\l
istings.cfg"
File: listings.cfg 2015/06/04 1.6 listings configuration
))
Package: listings 2015/06/04 1.6 (Carsten Heinz)

("C:\Users\epita-student\AppData\Local\Programs\MiKTeX 2.9\tex\latex\base\fonte
nc.sty"
Package: fontenc 2005/09/27 v1.99g Standard LaTeX package

("C:\Users\epita-student\AppData\Local\Programs\MiKTeX 2.9\tex\latex\base\t1enc
.def"
File: t1enc.def 2005/09/27 v1.99g Standard LaTeX file
LaTeX Font Info:    Redeclaring font encoding T1 on input line 48.
))
("C:\Users\epita-student\AppData\Local\Programs\MiKTeX 2.9\tex\latex\eurosym\eu
rosym.sty"
Package: eurosym 1998/08/06 v1.1 European currency symbol ``Euro''
\@eurobox=\box28
)
("C:\Users\epita-student\AppData\Local\Programs\MiKTeX 2.9\tex\latex\setspace\s
etspace.sty"
Package: setspace 2011/12/19 v6.7a set line spacing
)
("C:\Users\epita-student\AppData\Local\Programs\MiKTeX 2.9\tex\latex\caption\ca
ption.sty"
Package: caption 2016/02/21 v3.3-144 Customizing captions (AR)

("C:\Users\epita-student\AppData\Local\Programs\MiKTeX 2.9\tex\latex\caption\ca
ption3.sty"
Package: caption3 2016/02/04 v1.7-139 caption3 kernel (AR)
Package caption3 Info: TeX engine: e-TeX on input line 67.
\captionmargin=\dimen110
\captionmargin@=\dimen111
\captionwidth=\dimen112
\caption@tempdima=\dimen113
\caption@indent=\dimen114
\caption@parindent=\dimen115
\caption@hangindent=\dimen116
)
\c@ContinuedFloat=\count100
Package caption Info: listings package is loaded.
)
("C:\Users\epita-student\AppData\Local\Programs\MiKTeX 2.9\tex\latex\base\input
enc.sty"
Package: inputenc 2015/03/17 v1.2c Input encoding file
\inpenc@prehook=\toks17
\inpenc@posthook=\toks18

("C:\Users\epita-student\AppData\Local\Programs\MiKTeX 2.9\tex\latex\base\utf8.
def"
File: utf8.def 2015/09/07 v1.1p UTF-8 support for inputenc
Now handling font encoding OML ...
... no UTF-8 mapping file for font encoding OML
Now handling font encoding T1 ...
... processing UTF-8 mapping file for font encoding T1

("C:\Users\epita-student\AppData\Local\Programs\MiKTeX 2.9\tex\latex\base\t1enc
.dfu"
File: t1enc.dfu 2015/09/07 v1.1p UTF-8 support for inputenc
   defining Unicode char U+00A0 (decimal 160)
   defining Unicode char U+00A1 (decimal 161)
   defining Unicode char U+00A3 (decimal 163)
   defining Unicode char U+00AB (decimal 171)
   defining Unicode char U+00AD (decimal 173)
   defining Unicode char U+00BB (decimal 187)
   defining Unicode char U+00BF (decimal 191)
   defining Unicode char U+00C0 (decimal 192)
   defining Unicode char U+00C1 (decimal 193)
   defining Unicode char U+00C2 (decimal 194)
   defining Unicode char U+00C3 (decimal 195)
   defining Unicode char U+00C4 (decimal 196)
   defining Unicode char U+00C5 (decimal 197)
   defining Unicode char U+00C6 (decimal 198)
   defining Unicode char U+00C7 (decimal 199)
   defining Unicode char U+00C8 (decimal 200)
   defining Unicode char U+00C9 (decimal 201)
   defining Unicode char U+00CA (decimal 202)
   defining Unicode char U+00CB (decimal 203)
   defining Unicode char U+00CC (decimal 204)
   defining Unicode char U+00CD (decimal 205)
   defining Unicode char U+00CE (decimal 206)
   defining Unicode char U+00CF (decimal 207)
   defining Unicode char U+00D0 (decimal 208)
   defining Unicode char U+00D1 (decimal 209)
   defining Unicode char U+00D2 (decimal 210)
   defining Unicode char U+00D3 (decimal 211)
   defining Unicode char U+00D4 (decimal 212)
   defining Unicode char U+00D5 (decimal 213)
   defining Unicode char U+00D6 (decimal 214)
   defining Unicode char U+00D8 (decimal 216)
   defining Unicode char U+00D9 (decimal 217)
   defining Unicode char U+00DA (decimal 218)
   defining Unicode char U+00DB (decimal 219)
   defining Unicode char U+00DC (decimal 220)
   defining Unicode char U+00DD (decimal 221)
   defining Unicode char U+00DE (decimal 222)
   defining Unicode char U+00DF (decimal 223)
   defining Unicode char U+00E0 (decimal 224)
   defining Unicode char U+00E1 (decimal 225)
   defining Unicode char U+00E2 (decimal 226)
   defining Unicode char U+00E3 (decimal 227)
   defining Unicode char U+00E4 (decimal 228)
   defining Unicode char U+00E5 (decimal 229)
   defining Unicode char U+00E6 (decimal 230)
   defining Unicode char U+00E7 (decimal 231)
   defining Unicode char U+00E8 (decimal 232)
   defining Unicode char U+00E9 (decimal 233)
   defining Unicode char U+00EA (decimal 234)
   defining Unicode char U+00EB (decimal 235)
   defining Unicode char U+00EC (decimal 236)
   defining Unicode char U+00ED (decimal 237)
   defining Unicode char U+00EE (decimal 238)
   defining Unicode char U+00EF (decimal 239)
   defining Unicode char U+00F0 (decimal 240)
   defining Unicode char U+00F1 (decimal 241)
   defining Unicode char U+00F2 (decimal 242)
   defining Unicode char U+00F3 (decimal 243)
   defining Unicode char U+00F4 (decimal 244)
   defining Unicode char U+00F5 (decimal 245)
   defining Unicode char U+00F6 (decimal 246)
   defining Unicode char U+00F8 (decimal 248)
   defining Unicode char U+00F9 (decimal 249)
   defining Unicode char U+00FA (decimal 250)
   defining Unicode char U+00FB (decimal 251)
   defining Unicode char U+00FC (decimal 252)
   defining Unicode char U+00FD (decimal 253)
   defining Unicode char U+00FE (decimal 254)
   defining Unicode char U+00FF (decimal 255)
   defining Unicode char U+0102 (decimal 258)
   defining Unicode char U+0103 (decimal 259)
   defining Unicode char U+0104 (decimal 260)
   defining Unicode char U+0105 (decimal 261)
   defining Unicode char U+0106 (decimal 262)
   defining Unicode char U+0107 (decimal 263)
   defining Unicode char U+010C (decimal 268)
   defining Unicode char U+010D (decimal 269)
   defining Unicode char U+010E (decimal 270)
   defining Unicode char U+010F (decimal 271)
   defining Unicode char U+0110 (decimal 272)
   defining Unicode char U+0111 (decimal 273)
   defining Unicode char U+0118 (decimal 280)
   defining Unicode char U+0119 (decimal 281)
   defining Unicode char U+011A (decimal 282)
   defining Unicode char U+011B (decimal 283)
   defining Unicode char U+011E (decimal 286)
   defining Unicode char U+011F (decimal 287)
   defining Unicode char U+0130 (decimal 304)
   defining Unicode char U+0131 (decimal 305)
   defining Unicode char U+0132 (decimal 306)
   defining Unicode char U+0133 (decimal 307)
   defining Unicode char U+0139 (decimal 313)
   defining Unicode char U+013A (decimal 314)
   defining Unicode char U+013D (decimal 317)
   defining Unicode char U+013E (decimal 318)
   defining Unicode char U+0141 (decimal 321)
   defining Unicode char U+0142 (decimal 322)
   defining Unicode char U+0143 (decimal 323)
   defining Unicode char U+0144 (decimal 324)
   defining Unicode char U+0147 (decimal 327)
   defining Unicode char U+0148 (decimal 328)
   defining Unicode char U+014A (decimal 330)
   defining Unicode char U+014B (decimal 331)
   defining Unicode char U+0150 (decimal 336)
   defining Unicode char U+0151 (decimal 337)
   defining Unicode char U+0152 (decimal 338)
   defining Unicode char U+0153 (decimal 339)
   defining Unicode char U+0154 (decimal 340)
   defining Unicode char U+0155 (decimal 341)
   defining Unicode char U+0158 (decimal 344)
   defining Unicode char U+0159 (decimal 345)
   defining Unicode char U+015A (decimal 346)
   defining Unicode char U+015B (decimal 347)
   defining Unicode char U+015E (decimal 350)
   defining Unicode char U+015F (decimal 351)
   defining Unicode char U+0160 (decimal 352)
   defining Unicode char U+0161 (decimal 353)
   defining Unicode char U+0162 (decimal 354)
   defining Unicode char U+0163 (decimal 355)
   defining Unicode char U+0164 (decimal 356)
   defining Unicode char U+0165 (decimal 357)
   defining Unicode char U+016E (decimal 366)
   defining Unicode char U+016F (decimal 367)
   defining Unicode char U+0170 (decimal 368)
   defining Unicode char U+0171 (decimal 369)
   defining Unicode char U+0174 (decimal 372)
   defining Unicode char U+0175 (decimal 373)
   defining Unicode char U+0176 (decimal 374)
   defining Unicode char U+0177 (decimal 375)
   defining Unicode char U+0178 (decimal 376)
   defining Unicode char U+0179 (decimal 377)
   defining Unicode char U+017A (decimal 378)
   defining Unicode char U+017B (decimal 379)
   defining Unicode char U+017C (decimal 380)
   defining Unicode char U+017D (decimal 381)
   defining Unicode char U+017E (decimal 382)
   defining Unicode char U+0218 (decimal 536)
   defining Unicode char U+0219 (decimal 537)
   defining Unicode char U+021A (decimal 538)
   defining Unicode char U+021B (decimal 539)
   defining Unicode char U+200C (decimal 8204)
   defining Unicode char U+2013 (decimal 8211)
   defining Unicode char U+2014 (decimal 8212)
   defining Unicode char U+2018 (decimal 8216)
   defining Unicode char U+2019 (decimal 8217)
   defining Unicode char U+201A (decimal 8218)
   defining Unicode char U+201C (decimal 8220)
   defining Unicode char U+201D (decimal 8221)
   defining Unicode char U+201E (decimal 8222)
   defining Unicode char U+2030 (decimal 8240)
   defining Unicode char U+2031 (decimal 8241)
   defining Unicode char U+2039 (decimal 8249)
   defining Unicode char U+203A (decimal 8250)
   defining Unicode char U+2423 (decimal 9251)
)
Now handling font encoding OT1 ...
... processing UTF-8 mapping file for font encoding OT1

("C:\Users\epita-student\AppData\Local\Programs\MiKTeX 2.9\tex\latex\base\ot1en
c.dfu"
File: ot1enc.dfu 2015/09/07 v1.1p UTF-8 support for inputenc
   defining Unicode char U+00A0 (decimal 160)
   defining Unicode char U+00A1 (decimal 161)
   defining Unicode char U+00A3 (decimal 163)
   defining Unicode char U+00AD (decimal 173)
   defining Unicode char U+00B8 (decimal 184)
   defining Unicode char U+00BF (decimal 191)
   defining Unicode char U+00C5 (decimal 197)
   defining Unicode char U+00C6 (decimal 198)
   defining Unicode char U+00D8 (decimal 216)
   defining Unicode char U+00DF (decimal 223)
   defining Unicode char U+00E6 (decimal 230)
   defining Unicode char U+00EC (decimal 236)
   defining Unicode char U+00ED (decimal 237)
   defining Unicode char U+00EE (decimal 238)
   defining Unicode char U+00EF (decimal 239)
   defining Unicode char U+00F8 (decimal 248)
   defining Unicode char U+0131 (decimal 305)
   defining Unicode char U+0141 (decimal 321)
   defining Unicode char U+0142 (decimal 322)
   defining Unicode char U+0152 (decimal 338)
   defining Unicode char U+0153 (decimal 339)
   defining Unicode char U+0174 (decimal 372)
   defining Unicode char U+0175 (decimal 373)
   defining Unicode char U+0176 (decimal 374)
   defining Unicode char U+0177 (decimal 375)
   defining Unicode char U+0218 (decimal 536)
   defining Unicode char U+0219 (decimal 537)
   defining Unicode char U+021A (decimal 538)
   defining Unicode char U+021B (decimal 539)
   defining Unicode char U+2013 (decimal 8211)
   defining Unicode char U+2014 (decimal 8212)
   defining Unicode char U+2018 (decimal 8216)
   defining Unicode char U+2019 (decimal 8217)
   defining Unicode char U+201C (decimal 8220)
   defining Unicode char U+201D (decimal 8221)
)
Now handling font encoding OMS ...
... processing UTF-8 mapping file for font encoding OMS

("C:\Users\epita-student\AppData\Local\Programs\MiKTeX 2.9\tex\latex\base\omsen
c.dfu"
File: omsenc.dfu 2015/09/07 v1.1p UTF-8 support for inputenc
   defining Unicode char U+00A7 (decimal 167)
   defining Unicode char U+00B6 (decimal 182)
   defining Unicode char U+00B7 (decimal 183)
   defining Unicode char U+2020 (decimal 8224)
   defining Unicode char U+2021 (decimal 8225)
   defining Unicode char U+2022 (decimal 8226)
)
Now handling font encoding OMX ...
... no UTF-8 mapping file for font encoding OMX
Now handling font encoding U ...
... no UTF-8 mapping file for font encoding U
   defining Unicode char U+00A9 (decimal 169)
   defining Unicode char U+00AA (decimal 170)
   defining Unicode char U+00AE (decimal 174)
   defining Unicode char U+00BA (decimal 186)
   defining Unicode char U+02C6 (decimal 710)
   defining Unicode char U+02DC (decimal 732)
   defining Unicode char U+200C (decimal 8204)
   defining Unicode char U+2026 (decimal 8230)
   defining Unicode char U+2122 (decimal 8482)
   defining Unicode char U+2423 (decimal 9251)
))
("C:\Users\epita-student\AppData\Local\Programs\MiKTeX 2.9\tex\latex\graphics\g
raphicx.sty"
Package: graphicx 2014/10/28 v1.0g Enhanced LaTeX Graphics (DPC,SPQR)

("C:\Users\epita-student\AppData\Local\Programs\MiKTeX 2.9\tex\latex\graphics\g
raphics.sty"
Package: graphics 2014/10/28 v1.0p Standard LaTeX Graphics (DPC,SPQR)

("C:\Users\epita-student\AppData\Local\Programs\MiKTeX 2.9\tex\latex\graphics\t
rig.sty"
Package: trig 1999/03/16 v1.09 sin cos tan (DPC)
)
("C:\Users\epita-student\AppData\Local\Programs\MiKTeX 2.9\tex\latex\00miktex\g
raphics.cfg"
File: graphics.cfg 2007/01/18 v1.5 graphics configuration of teTeX/TeXLive
)
Package graphics Info: Driver file: pdftex.def on input line 94.

("C:\Users\epita-student\AppData\Local\Programs\MiKTeX 2.9\tex\latex\pdftex-def
\pdftex.def"
File: pdftex.def 2011/05/27 v0.06d Graphics/color for pdfTeX

("C:\Users\epita-student\AppData\Local\Programs\MiKTeX 2.9\tex\generic\oberdiek
\infwarerr.sty"
Package: infwarerr 2010/04/08 v1.3 Providing info/warning/error messages (HO)
)
("C:\Users\epita-student\AppData\Local\Programs\MiKTeX 2.9\tex\generic\oberdiek
\ltxcmds.sty"
Package: ltxcmds 2011/11/09 v1.22 LaTeX kernel commands for general use (HO)
)
\Gread@gobject=\count101
))
\Gin@req@height=\dimen117
\Gin@req@width=\dimen118
) ("Rapport soutenance 1.aux")
\openout1 = `"Rapport soutenance 1.aux"'.

LaTeX Font Info:    Checking defaults for OML/cmm/m/it on input line 21.
LaTeX Font Info:    ... okay on input line 21.
LaTeX Font Info:    Checking defaults for T1/cmr/m/n on input line 21.
LaTeX Font Info:    ... okay on input line 21.
LaTeX Font Info:    Checking defaults for OT1/cmr/m/n on input line 21.
LaTeX Font Info:    ... okay on input line 21.
LaTeX Font Info:    Checking defaults for OMS/cmsy/m/n on input line 21.
LaTeX Font Info:    ... okay on input line 21.
LaTeX Font Info:    Checking defaults for OMX/cmex/m/n on input line 21.
LaTeX Font Info:    ... okay on input line 21.
LaTeX Font Info:    Checking defaults for U/cmr/m/n on input line 21.
LaTeX Font Info:    ... okay on input line 21.
LaTeX Info: Redefining \degres on input line 21.
LaTeX Info: Redefining \dots on input line 21.
LaTeX Info: Redefining \up on input line 21.
\c@lstlisting=\count102
Package caption Info: Begin \AtBeginDocument code.
Package caption Info: End \AtBeginDocument code.

("C:\Users\epita-student\AppData\Local\Programs\MiKTeX 2.9\tex\context\base\sup
p-pdf.mkii"
[Loading MPS to PDF converter (version 2006.09.02).]
\scratchcounter=\count103
\scratchdimen=\dimen119
\scratchbox=\box29
\nofMPsegments=\count104
\nofMParguments=\count105
\everyMPshowfont=\toks19
\MPscratchCnt=\count106
\MPscratchDim=\dimen120
\MPnumerator=\count107
\makeMPintoPDFobject=\count108
\everyMPtoPDFconversion=\toks20
)
LaTeX Font Info:    Try loading font information for T1+cmss on input line 23.

("C:\Users\epita-student\AppData\Local\Programs\MiKTeX 2.9\tex\latex\base\t1cms
s.fd"
File: t1cmss.fd 2014/09/29 v2.5h Standard LaTeX font definitions
)

LaTeX Font Warning: Font shape `T1/cmss/m/sc' in size <12> not available
(Font)              Font shape `T1/cmr/m/sc' tried instead on input line 29.


LaTeX Font Warning: Font shape `T1/cmss/m/sc' in size <24.88> not available
(Font)              Font shape `T1/cmr/m/sc' tried instead on input line 29.


LaTeX Font Warning: Font shape `T1/cmss/m/sc' in size <20.74> not available
(Font)              Font shape `T1/cmr/m/sc' tried instead on input line 31.

<coollogo_com-19602433.png, id=1, 220.57407pt x 76.78688pt>
File: coollogo_com-19602433.png Graphic file (type png)

<use coollogo_com-19602433.png>
Package pdftex.def Info: coollogo_com-19602433.png used on input line 34.
(pdftex.def)             Requested size: 220.57352pt x 76.78668pt.

<crossed-swords-clip-art-48219.jpg, id=3, 426.59375pt x 426.59375pt>
File: crossed-swords-clip-art-48219.jpg Graphic file (type jpg)

<use crossed-swords-clip-art-48219.jpg>
Package pdftex.def Info: crossed-swords-clip-art-48219.jpg used on input line 3
6.
(pdftex.def)             Requested size: 170.63446pt x 170.63446pt.
LaTeX Font Info:    External font `cmex10' loaded for size
(Font)              <12> on input line 43.
LaTeX Font Info:    External font `cmex10' loaded for size
(Font)              <8> on input line 43.
LaTeX Font Info:    External font `cmex10' loaded for size
(Font)              <6> on input line 43.
 [1

{C:/Users/epita-student/AppData/Local/MiKTeX/2.9/pdftex/config/pdftex.map} <./c
oollogo_com-19602433.png> <./crossed-swords-clip-art-48219.jpg>] ("Rapport sout
enance 1.toc")
\tf@toc=\write3
\openout3 = `"Rapport soutenance 1.toc"'.



Package Fancyhdr Warning: \headheight is too small (12.0pt): 
 Make it at least 14.61858pt.
 We now make it that large for the rest of the document.
 This may cause the page layout to be inconsistent, however.

[1] [2]
Underfull \hbox (badness 10000) in paragraph at lines 71--72

 []


Underfull \hbox (badness 10000) in paragraph at lines 75--76

 []

[3]
Underfull \hbox (badness 10000) in paragraph at lines 79--80

 []


Underfull \hbox (badness 10000) in paragraph at lines 83--84

 []

[4] <Plan.png, id=32, 584.93532pt x 417.81094pt>
File: Plan.png Graphic file (type png)
 <use Plan.png>
Package pdftex.def Info: Plan.png used on input line 97.
(pdftex.def)             Requested size: 321.71541pt x 229.79672pt.
 [5]
<cristalprojet.png, id=37, 1438.6247pt x 810.77907pt>
File: cristalprojet.png Graphic file (type png)
 <use cristalprojet.png>
Package pdftex.def Info: cristalprojet.png used on input line 102.
(pdftex.def)             Requested size: 431.59074pt x 243.2356pt.

[6 <./Plan.png>] [7 <./cristalprojet.png>] [8]

Package Fancyhdr Warning: \headheight is too small (14.61858pt): 
 Make it at least 15.04742pt.
 We now make it that large for the rest of the document.
 This may cause the page layout to be inconsistent, however.

[9] [10] [11]
Underfull \hbox (badness 10000) in paragraph at lines 191--192

 []

<Menureseauprojet.png, id=59, 1446.15282pt x 810.77907pt>
File: Menureseauprojet.png Graphic file (type png)

<use Menureseauprojet.png>
Package pdftex.def Info: Menureseauprojet.png used on input line 195.
(pdftex.def)             Requested size: 433.8492pt x 243.2356pt.
 [12 <./Menureseauprojet.png>] [13]
<Menuprojet.png, id=67, 1443.14156pt x 812.28468pt>
File: Menuprojet.png Graphic file (type png)
 <use Menuprojet.png>
Package pdftex.def Info: Menuprojet.png used on input line 221.
(pdftex.def)             Requested size: 432.94582pt x 243.68729pt.

<Menupauseprojet.png, id=68, 1443.14156pt x 810.77907pt>
File: Menupauseprojet.png Graphic file (type png)

<use Menupauseprojet.png>
Package pdftex.def Info: Menupauseprojet.png used on input line 225.
(pdftex.def)             Requested size: 432.94582pt x 243.2356pt.
 [14 <./Menuprojet.png> <./Menupauseprojet.png>]
Overfull \hbox (3.86427pt too wide) in paragraph at lines 232--233
[]\T1/cmr/m/n/12 Le site in-ter-net de-vait être réa-lisé avec Yas-sine. Avec s
on dé-part de l'EPITA,
 []

<siteprojet.png, id=72, 1425.07407pt x 752.0597pt>
File: siteprojet.png Graphic file (type png)
 <use siteprojet.png>
Package pdftex.def Info: siteprojet.png used on input line 235.
(pdftex.def)             Requested size: 427.52551pt x 225.61964pt.

[15 <./siteprojet.png>] [16]
<tourattaque.png, id=79, 1441.63594pt x 810.77907pt>
File: tourattaque.png Graphic file (type png)
 <use tourattaque.png>
Package pdftex.def Info: tourattaque.png used on input line 253.
(pdftex.def)             Requested size: 432.49413pt x 243.2356pt.

<Tour(Clone)projet.png, id=80, 1441.63594pt x 809.27344pt>
File: Tour(Clone)projet.png Graphic file (type png)

<use Tour(Clone)projet.png>
Package pdftex.def Info: Tour(Clone)projet.png used on input line 261.
(pdftex.def)             Requested size: 432.49413pt x 242.7839pt.
 [17 <./tourattaque.png>]
<ennemiesprojet.png, id=84, 1440.13031pt x 810.77907pt>
File: ennemiesprojet.png Graphic file (type png)

<use ennemiesprojet.png>
Package pdftex.def Info: ennemiesprojet.png used on input line 272.
(pdftex.def)             Requested size: 432.04243pt x 243.2356pt.
 [18 <./Tour(Clone)projet.png>] [19 <./ennemiesprojet.png>]
Underfull \hbox (badness 10000) in paragraph at lines 295--320

 []

[20]
Underfull \hbox (badness 10000) in paragraph at lines 323--324

 []

<images.jpg, id=95, 212.795pt x 238.8925pt>
File: images.jpg Graphic file (type jpg)
 <use images.jpg>
Package pdftex.def Info: images.jpg used on input line 325.
(pdftex.def)             Requested size: 148.95547pt x 167.2236pt.
 [21 <./images.jpg>] ("Rapport soutenance 1.aux") ) 
Here is how much of TeX's memory you used:
 5348 strings out of 493634
 78829 string characters out of 3131975
 137895 words of memory out of 3000000
 8672 multiletter control sequences out of 15000+200000
 18473 words of font info for 40 fonts, out of 3000000 for 9000
 1025 hyphenation exceptions out of 8191
 36i,11n,43p,958b,439s stack positions out of 5000i,500n,10000p,200000b,50000s
 <C:\Users\epita-student\App
Data\Local\MiKTeX\2.9\fonts\pk\ljfour\jknappen\ec\dpi600\ecrm0800.pk> <C:\Users
\epita-student\AppData\Local\MiKTeX\2.9\fonts\pk\ljfour\jknappen\ec\dpi600\ecti
1200.pk> <C:\Users\epita-student\AppData\Local\MiKTeX\2.9\fonts\pk\ljfour\jknap
pen\ec\dpi600\ecxc1200.pk> <C:\Users\epita-student\AppData\Local\MiKTeX\2.9\fon
ts\pk\ljfour\jknappen\ec\dpi600\ecbx1440.pk> <C:\Users\epita-student\AppData\Lo
cal\MiKTeX\2.9\fonts\pk\ljfour\jknappen\ec\dpi600\ecbx1200.pk> <C:\Users\epita-
student\AppData\Local\MiKTeX\2.9\fonts\pk\ljfour\jknappen\ec\dpi600\ecbx1728.pk
> <C:\Users\epita-student\AppData\Local\MiKTeX\2.9\fonts\pk\ljfour\jknappen\ec\
dpi600\ecsl1200.pk> <C:\Users\epita-student\AppData\Local\MiKTeX\2.9\fonts\pk\l
jfour\jknappen\ec\dpi600\ecrm1200.pk> <C:\Users\epita-student\AppData\Local\MiK
TeX\2.9\fonts\pk\ljfour\jknappen\ec\dpi600\ecsi1200.pk> <C:\Users\epita-student
\AppData\Local\MiKTeX\2.9\fonts\pk\ljfour\jknappen\ec\dpi600\ecss1200.pk> <C:\U
sers\epita-student\AppData\Local\MiKTeX\2.9\fonts\pk\ljfour\jknappen\ec\dpi600\
eccc1200.pk> <C:\Users\epita-student\AppData\Local\MiKTeX\2.9\fonts\pk\ljfour\j
knappen\ec\dpi600\eccc2074.pk> <C:\Users\epita-student\AppData\Local\MiKTeX\2.9
\fonts\pk\ljfour\jknappen\ec\dpi600\eccc2488.pk><C:/Users/epita-student/AppData
/Local/Programs/MiKTeX 2.9/fonts/type1/public/amsfonts/cm/cmsy10.pfb><C:/Users/
epita-student/AppData/Local/Programs/MiKTeX 2.9/fonts/type1/public/eurosym/feym
r10.pfb>
Output written on "Rapport soutenance 1.pdf" (22 pages, 26926808 bytes).
PDF statistics:
 486 PDF objects out of 1000 (max. 8388607)
 0 named destinations out of 1000 (max. 500000)
 61 words of extra memory for PDF output out of 10000 (max. 10000000)

